<?xml version="1.0" encoding="UTF-8"?>
<testsuite xmlns:xsi="http://www.w3.org/2001/XMLSchema-instance" xsi:noNamespaceSchemaLocation="https://maven.apache.org/surefire/maven-surefire-plugin/xsd/surefire-test-report.xsd" version="3.0.2" name="com.cloudsim.SchedulerTest" time="0.137" tests="6" errors="0" skipped="0" failures="0">
  <properties>
[...]
</properties>
  <testcase name="testACO" classname="com.cloudsim.SchedulerTest" time="0.051"/>
  <testcase name="testFCFS" classname="com.cloudsim.SchedulerTest" time="0.002"/>
  <testcase name="testRoundRobin" classname="com.cloudsim.SchedulerTest" time="0.006"/>
  <testcase name="testPriority" classname="com.cloudsim.SchedulerTest" time="0.006"/>
  <testcase name="testMaxMin" classname="com.cloudsim.SchedulerTest" time="0.005"/>
  <testcase name="testMinMin" classname="com.cloudsim.SchedulerTest" time="0.005"/>
</testsuite>